<?xml version="1.0" encoding="utf-8"?><testsuites><testsuite name="pytest" errors="0" failures="0" skipped="0" tests="5" time="64.588" timestamp="2021-06-19T19:26:02.368090" hostname="VYTR-7400"><testcase classname="test_cases.TestCases" name="test_signin_launch" time="11.370" /><testcase classname="test_cases.TestCases" name="test_invalidsignin" time="12.725" /><testcase classname="test_cases.TestCases" name="test_wrongpassword" time="16.703" /><testcase classname="test_cases.TestCases" name="test_validlogin" time="15.527" /><testcase classname="test_cases.TestCases" name="test_dropdowns" time="8.187" /></testsuite></testsuites>